Host : localhost
User-Agent : Go-http-client/1.1
Content-Length : 241
Authorization : Uxf3OY--rDK3Qae8CiJJUlAcuRJFp7tzGY4M8KocQaCGyfEqUGhGskv0
Content-Type : application/json
Token : eyJhbGciOiJIUzI1NiIsInR5cCI6IkpXVCJ9.eyJhdWQiOiJBQUFBLUFBQUEtQUFBQS1BQUFBLUFBQUEiLCJhdXRob3JpemVkIjp0cnVlLCJjbGllbnQiOiJOYXZpZCBUb3JhYmF6YXJpIiwiZXhwIjoxNjQ5NjIzMTQwfQ.rhxHk_XVkH06gwFCahPYB1_ogIe0t2Vtog1GbpZRyvM
Accept-Encoding : gzip
-------------------------
{"NotifySubscription":{"SubscriptionID":5693466772242432},"NotifyPayment":{"NtpID":"1335050","Amount":99,"Currency":"","PaymetCode":"00","Message":"Payment request accepted"},"NotifyOrder":{"orderID":"Recurring_5693466772242432_39NvdQ7HAq"}}
-------------------------
Array
(
    [NotifySubscription] => Array
        (
            [SubscriptionID] => 5693466772242432
        )

    [NotifyPayment] => Array
        (
            [NtpID] => 1335050
            [Amount] => 99
            [Currency] => 
            [PaymetCode] => 00
            [Message] => Payment request accepted
        )

    [NotifyOrder] => Array
        (
            [orderID] => Recurring_5693466772242432_39NvdQ7HAq
        )

)

